0 info it worked if it ends with ok
1 verbose cli [ '/home/santiago/.nvm/versions/node/v6.12.3/bin/node',
1 verbose cli   '/home/santiago/.nvm/versions/node/v6.12.3/bin/npm',
1 verbose cli   'run',
1 verbose cli   'dist' ]
2 info using npm@3.10.10
3 info using node@v6.12.3
4 verbose run-script [ 'predist', 'dist', 'postdist' ]
5 info lifecycle worklogger@0.1.0~predist: worklogger@0.1.0
6 silly lifecycle worklogger@0.1.0~predist: no script for predist, continuing
7 info lifecycle worklogger@0.1.0~dist: worklogger@0.1.0
8 verbose lifecycle worklogger@0.1.0~dist: unsafe-perm in lifecycle true
9 verbose lifecycle worklogger@0.1.0~dist: PATH: /home/santiago/.nvm/versions/node/v6.12.3/lib/node_modules/npm/bin/node-gyp-bin:/home/santiago/Projects/ubykuo/worklogger/node_modules/.bin:/home/santiago/.nvm/versions/node/v6.12.3/bin:/home/santiago/.rbenv/shims:/home/santiago/.rbenv/bin:/home/santiago/bin:/home/santiago/.local/bin:/usr/local/sbin:/usr/local/bin:/usr/sbin:/usr/bin:/sbin:/bin:/usr/games:/usr/local/games:/snap/bin:/usr/lib/jvm/java-8-oracle/bin:/usr/lib/jvm/java-8-oracle/db/bin:/usr/lib/jvm/java-8-oracle/jre/bin:/home/santiago/Documents/apache-maven-3.5.2/bin:/home/santiago/bin:/usr/share/sonar-scanner/bin
10 verbose lifecycle worklogger@0.1.0~dist: CWD: /home/santiago/Projects/ubykuo/worklogger
11 silly lifecycle worklogger@0.1.0~dist: Args: [ '-c',
11 silly lifecycle   'build --tasks linux-x64, win-x64 --mirror https://dl.nwjs.io/ .' ]
12 silly lifecycle worklogger@0.1.0~dist: Returned: code: 255  signal: null
13 info lifecycle worklogger@0.1.0~dist: Failed to exec dist script
14 verbose stack Error: worklogger@0.1.0 dist: `build --tasks linux-x64, win-x64 --mirror https://dl.nwjs.io/ .`
14 verbose stack Exit status 255
14 verbose stack     at EventEmitter.<anonymous> (/home/santiago/.nvm/versions/node/v6.12.3/lib/node_modules/npm/lib/utils/lifecycle.js:255:16)
14 verbose stack     at emitTwo (events.js:106:13)
14 verbose stack     at EventEmitter.emit (events.js:191:7)
14 verbose stack     at ChildProcess.<anonymous> (/home/santiago/.nvm/versions/node/v6.12.3/lib/node_modules/npm/lib/utils/spawn.js:40:14)
14 verbose stack     at emitTwo (events.js:106:13)
14 verbose stack     at ChildProcess.emit (events.js:191:7)
14 verbose stack     at maybeClose (internal/child_process.js:920:16)
14 verbose stack     at Process.ChildProcess._handle.onexit (internal/child_process.js:230:5)
15 verbose pkgid worklogger@0.1.0
16 verbose cwd /home/santiago/Projects/ubykuo/worklogger
17 error Linux 4.13.0-41-generic
18 error argv "/home/santiago/.nvm/versions/node/v6.12.3/bin/node" "/home/santiago/.nvm/versions/node/v6.12.3/bin/npm" "run" "dist"
19 error node v6.12.3
20 error npm  v3.10.10
21 error code ELIFECYCLE
22 error worklogger@0.1.0 dist: `build --tasks linux-x64, win-x64 --mirror https://dl.nwjs.io/ .`
22 error Exit status 255
23 error Failed at the worklogger@0.1.0 dist script 'build --tasks linux-x64, win-x64 --mirror https://dl.nwjs.io/ .'.
23 error Make sure you have the latest version of node.js and npm installed.
23 error If you do, this is most likely a problem with the worklogger package,
23 error not with npm itself.
23 error Tell the author that this fails on your system:
23 error     build --tasks linux-x64, win-x64 --mirror https://dl.nwjs.io/ .
23 error You can get information on how to open an issue for this project with:
23 error     npm bugs worklogger
23 error Or if that isn't available, you can get their info via:
23 error     npm owner ls worklogger
23 error There is likely additional logging output above.
24 verbose exit [ 1, true ]
